[15.01.2022 16:52:37] Login was initiated! Username: root, Date: 15.01.2022 16:52:36, FullUserAgent: Mozilla/5.0 (Windows NT 10.0; Win64; x64) AppleWebKit/537.36 (KHTML, like Gecko) Chrome/84.0.4147.125 Safari/537.36, OS: Windows 10, Browser: Chrome 84.0.4147, IP: ::1, isMobile: False
[15.01.2022 16:54:18] Logout was initiated! CurrentTime: 15.01.2022 16:54:18
[15.01.2022 17:31:02] Login was initiated! Username: root, Date: 15.01.2022 17:31:02, FullUserAgent: Mozilla/5.0 (Windows NT 10.0; Win64; x64) AppleWebKit/537.36 (KHTML, like Gecko) Chrome/84.0.4147.125 Safari/537.36, OS: Windows 10, Browser: Chrome 84.0.4147, IP: ::1, isMobile: False
[15.01.2022 17:31:05] Logout was initiated! CurrentTime: 15.01.2022 17:31:05
[15.01.2022 18:57:48] Login was initiated! Username: root, Date: 15.01.2022 18:57:48, FullUserAgent: Mozilla/5.0 (Windows NT 10.0; Win64; x64) AppleWebKit/537.36 (KHTML, like Gecko) Chrome/84.0.4147.125 Safari/537.36, OS: Windows 10, Browser: Chrome 84.0.4147, IP: ::1, isMobile: False
[15.01.2022 18:57:55] Logout was initiated! CurrentTime: 15.01.2022 18:57:55
[15.01.2022 19:57:17] Login was initiated! Username: root, Date: 15.01.2022 19:57:16, FullUserAgent: Mozilla/5.0 (Linux; Android 8.1.0; K7 Build/O11019; wv) AppleWebKit/537.36 (KHTML, like Gecko) Version/4.0 Chrome/97.0.4692.87 Mobile Safari/537.36, OS: Android 8.1.0, Browser: Chrome Mobile WebView 97.0.4692, IP: ::1, isMobile: True
[15.01.2022 19:57:35] Logout was initiated! CurrentTime: 15.01.2022 19:57:35
[15.01.2022 19:57:51] Login was initiated! Username: root, Date: 15.01.2022 19:57:50, FullUserAgent: Mozilla/5.0 (Linux; Android 8.1.0; K7 Build/O11019; wv) AppleWebKit/537.36 (KHTML, like Gecko) Version/4.0 Chrome/97.0.4692.87 Mobile Safari/537.36, OS: Android 8.1.0, Browser: Chrome Mobile WebView 97.0.4692, IP: ::1, isMobile: True
[15.01.2022 19:58:10] Logout was initiated! CurrentTime: 15.01.2022 19:58:10
[15.01.2022 20:08:22] Login was initiated! Username: root, Date: 15.01.2022 20:08:22, FullUserAgent: Mozilla/5.0 (Windows NT 10.0; Win64; x64) AppleWebKit/537.36 (KHTML, like Gecko) Chrome/84.0.4147.125 Safari/537.36, OS: Windows 10, Browser: Chrome 84.0.4147, IP: ::1, isMobile: False
[15.01.2022 20:29:11] Logout was initiated! CurrentTime: 15.01.2022 20:29:11
[15.01.2022 20:29:20] Login was initiated! Username: root, Date: 15.01.2022 20:29:20, FullUserAgent: Mozilla/5.0 (Windows NT 10.0; Win64; x64) AppleWebKit/537.36 (KHTML, like Gecko) Chrome/84.0.4147.125 Safari/537.36, OS: Windows 10, Browser: Chrome 84.0.4147, IP: ::1, isMobile: False
[15.01.2022 20:29:26] Logout was initiated! CurrentTime: 15.01.2022 20:29:26
[15.01.2022 20:37:54] Login was initiated! Username: root, Date: 15.01.2022 20:37:54, FullUserAgent: Mozilla/5.0 (Windows NT 10.0; Win64; x64) AppleWebKit/537.36 (KHTML, like Gecko) Chrome/84.0.4147.125 Safari/537.36, OS: Windows 10, Browser: Chrome 84.0.4147, IP: ::1, isMobile: False
[15.01.2022 20:49:14] Logout was initiated! CurrentTime: 15.01.2022 20:49:14
[15.01.2022 23:05:21] Login was initiated! Username: root, Date: 15.01.2022 23:05:21, FullUserAgent: Mozilla/5.0 (Windows NT 10.0; Win64; x64) AppleWebKit/537.36 (KHTML, like Gecko) Chrome/84.0.4147.125 Safari/537.36, OS: Windows 10, Browser: Chrome 84.0.4147, IP: ::1, isMobile: False
[15.01.2022 23:05:48] Login was initiated! Username: root, Date: 15.01.2022 23:05:48, FullUserAgent: Mozilla/5.0 (Windows NT 10.0; Win64; x64) AppleWebKit/537.36 (KHTML, like Gecko) Chrome/97.0.4692.71 Safari/537.36, OS: Windows 10, Browser: Chrome 97.0.4692, IP: ::1, isMobile: False
[15.01.2022 23:09:52] New table was added! Subject: ОАиП, Group: ИП-12 (2021/2022) I sem., CurrentTime: 15.01.2022 23:09:52
[15.01.2022 23:11:38] Language was changed! Current: en, Username: root, CurrentTime: 15.01.2022 23:11:38
[15.01.2022 23:11:43] Language was changed! Current: ru, Username: root, CurrentTime: 15.01.2022 23:11:43
[15.01.2022 23:13:32] Logout was initiated! CurrentTime: 15.01.2022 23:13:32
[15.01.2022 23:14:17] Logout was initiated! CurrentTime: 15.01.2022 23:14:17
[15.01.2022 23:18:35] Login was initiated! Username: root, Date: 15.01.2022 23:18:35, FullUserAgent: Mozilla/5.0 (Windows NT 10.0; Win64; x64) AppleWebKit/537.36 (KHTML, like Gecko) Chrome/84.0.4147.125 Safari/537.36, OS: Windows 10, Browser: Chrome 84.0.4147, IP: ::1, isMobile: False
[15.01.2022 23:18:42] Approved/Role changed: CurrentTime: 15.01.2022 23:18:42Username: root, Object's nickname: rtl_trl, approved: true, role: Creep
