[16.03.2022 8:34:03] Login was initiated! Username: root, Date: 16.03.2022 8:34:03, FullUserAgent: Mozilla/5.0 (Windows NT 10.0; Win64; x64; rv:78.0) Gecko/20100101 Firefox/78.0, OS: Windows 10, Browser: Firefox 78.0, IP: 127.0.0.1, isMobile: False
[16.03.2022 8:38:47] Editing table was successful! Subject: ОАиП, Group: ИП-11 (2021/2022) I-II sem. 1 sub., CurrentTime: 16.03.2022 8:38:47, ManageInfo: 
	New: 'Кишкунов Антон'

[16.03.2022 8:39:06] Editing table was successful! Subject: ОАиП, Group: ИП-11 (2021/2022) I-II sem. 1 sub., CurrentTime: 16.03.2022 8:39:06, ManageInfo: 
	New: 'Грибовский Евгений'

[16.03.2022 8:39:18] Editing table was successful! Subject: ОАиП, Group: ИП-11 (2021/2022) I-II sem. 1 sub., CurrentTime: 16.03.2022 8:39:18, ManageInfo: 
	Delete: 'Грибовский Евгений'

[16.03.2022 8:45:54] Table was saved! Subject: ОАиП, Group: ИП-11 (2021/2022) I-II sem. 1 sub., CurrentTime: 16.03.2022 8:45:54, EditInfo: 
	Кишкунов Антон:
		Labs: 00000000000
		Reports: 00000000000
		Defences: 00000000000

[16.03.2022 8:46:07] Logout was initiated! CurrentTime: 16.03.2022 8:46:07
[16.03.2022 8:46:50] Login was initiated! Username: root, Date: 16.03.2022 8:46:50, FullUserAgent: Mozilla/5.0 (Windows NT 10.0; Win64; x64; rv:78.0) Gecko/20100101 Firefox/78.0, OS: Windows 10, Browser: Firefox 78.0, IP: 127.0.0.1, isMobile: False
[16.03.2022 9:35:56] Editing table was successful! Subject: ОАиП, Group: ИП-11 (2021/2022) I-II sem. 1 sub., CurrentTime: 16.03.2022 9:35:56, ManageInfo: 
	Delete: 'Кишкунов Антон'

[16.03.2022 9:36:10] Editing table was successful! Subject: ОАиП, Group: ИП-11 (2021/2022) I-II sem. 1 sub., CurrentTime: 16.03.2022 9:36:10, ManageInfo: 
	Delete: 'Ёжиков Илья'

[16.03.2022 9:36:29] Get Log was initiated! CurrentTime: 16.03.2022 9:36:29
[16.03.2022 9:38:11] Editing table was successful! Subject: ОАиП, Group: ИП-11 (2021/2022) I-II sem. 1 sub., CurrentTime: 16.03.2022 9:38:11, ManageInfo: 
	Delete: 'Будковская Анастасия'

[16.03.2022 9:42:32] Table was saved! Subject: ОАиП, Group: ИП-11 (2021/2022) I-II sem. 1 sub., CurrentTime: 16.03.2022 9:42:32, EditInfo: 
	Вероха Александр:
		Reports: --0--------
	Лютиков Максим:
		Reports: -0---------
	Фоменок Дмитрий:
		Defences: 0----------
	Чешун Роман:
		Reports: -0---------

